<?xml version="1.0" encoding="UTF-8"?>
<!-- Generated by org.testng.reporters.JUnitXMLReporter -->
<testsuite ignored="3" hostname="DESKTOP-SQ1HPPK" failures="0" tests="4" name="Default test" time="58.581" errors="0" timestamp="2023-04-23T22:56:44 IST">
  <testcase classname="com.app.tests.AppTests" name="verifySignup" time="8.735"/>
  <testcase classname="com.app.tests.AppTests" name="verifySignup" time="12.733"/>
  <testcase classname="com.app.tests.AppTests" name="verifySignup" time="9.533"/>
  <testcase classname="com.app.tests.AppTests" name="verifySignup" time="7.708"/>
  <testcase classname="com.app.tests.AppTests" name="verifyFooter" time="0.0">
    <ignored/>
  </testcase> <!-- verifyFooter -->
  <testcase classname="com.app.tests.AppTests" name="verifyLogin" time="0.0">
    <ignored/>
  </testcase> <!-- verifyLogin -->
  <testcase classname="com.app.tests.AppTests" name="verifyHomepage" time="0.0">
    <ignored/>
  </testcase> <!-- verifyHomepage -->
</testsuite> <!-- Default test -->
