<?xml version="1.0" encoding="UTF-8"?>
<!-- Generated by org.testng.reporters.JUnitXMLReporter -->
<testsuite ignored="0" hostname="DESKTOP-SQ1HPPK" failures="0" tests="4" name="AppTests" time="23.654" errors="0" timestamp="2023-04-22T21:50:43 IST">
  <testcase classname="com.app.tests.AppTests" name="verifyFooter" time="0.009"/>
  <testcase classname="com.app.tests.AppTests" name="verifyHomepage" time="0.001"/>
  <testcase classname="com.app.tests.AppTests" name="verifyLogin" time="0.002"/>
  <testcase classname="com.app.tests.AppTests" name="verifySignup" time="0.003"/>
</testsuite> <!-- AppTests -->
