<?xml version="1.0" encoding="UTF-8"?>
<!-- Generated by org.testng.reporters.JUnitXMLReporter -->
<testsuite ignored="0" hostname="DESKTOP-SQ1HPPK" failures="1" tests="2" name="LoginCheckGmail" time="0.08" errors="0" timestamp="2023-04-09T20:06:29 IST">
  <testcase classname="com.testng.demo.GmailTests" name="gmailInValidLoginCheck" time="0.017">
    <failure type="java.lang.AssertionError" message="Failed intentionally">
      <![CDATA[java.lang.AssertionError: Failed intentionally
at com.testng.demo.GmailTests.gmailInValidLoginCheck(GmailTests.java:16)
at java.base/java.util.ArrayList.forEach(ArrayList.java:1511)
... Removed 28 stack frames]]>
    </failure>
  </testcase> <!-- gmailInValidLoginCheck -->
  <testcase classname="com.testng.demo.GmailTests" name="gmailValidLoginCheck" time="0.002"/>
</testsuite> <!-- LoginCheckGmail -->
