<?xml version="1.0" encoding="UTF-8"?>
<!-- Generated by org.testng.reporters.JUnitXMLReporter -->
<testsuite ignored="2" hostname="DESKTOP-SQ1HPPK" failures="0" tests="1" name="LoginCheck" time="7.488" errors="0" timestamp="2023-04-15T22:09:40 IST">
  <testcase classname="com.testng.demo.SeleniumDemo" name="launchFacebook" time="7.443"/>
  <testcase classname="com.testng.demo.SeleniumDemo2" name="verifyUserLogin" time="0.0">
    <ignored/>
  </testcase> <!-- verifyUserLogin -->
  <testcase classname="com.testng.demo.SeleniumDemo" name="launchGamil" time="0.0">
    <ignored/>
  </testcase> <!-- launchGamil -->
</testsuite> <!-- LoginCheck -->
