<?xml version="1.0" encoding="UTF-8"?>
<!-- Generated by org.testng.reporters.JUnitXMLReporter -->
<testsuite ignored="0" hostname="DESKTOP-SQ1HPPK" failures="1" tests="2" name="LoginCheckFacebook" time="0.013" errors="0" timestamp="2023-04-09T20:06:29 IST">
  <testcase classname="com.testng.demo.FacebookTests" name="facebookInValidLoginCheck" time="0.001">
    <failure type="java.lang.AssertionError" message="Failed intentionally">
      <![CDATA[java.lang.AssertionError: Failed intentionally
at com.testng.demo.FacebookTests.facebookInValidLoginCheck(FacebookTests.java:16)
at java.base/java.util.ArrayList.forEach(ArrayList.java:1511)
... Removed 28 stack frames]]>
    </failure>
  </testcase> <!-- facebookInValidLoginCheck -->
  <testcase classname="com.testng.demo.FacebookTests" name="facebookValidLoginCheck" time="0.001"/>
</testsuite> <!-- LoginCheckFacebook -->
