<?xml version="1.0" encoding="UTF-8"?>
<testng-results ignored="0" total="1" passed="1" failed="0" skipped="0">
  <reporter-output>
  </reporter-output>
  <suite started-at="2023-04-15T22:43:54 IST" name="Default suite" finished-at="2023-04-15T22:44:14 IST" duration-ms="19083">
    <groups>
      <group name="Regression">
        <method signature="SeleniumLocatorsDemo.launchFacebook()[pri:0, instance:com.testng.demo.SeleniumLocatorsDemo@3972a855]" name="launchFacebook" class="com.testng.demo.SeleniumLocatorsDemo"/>
      </group> <!-- Regression -->
    </groups>
    <test started-at="2023-04-15T22:43:54 IST" name="Default test" finished-at="2023-04-15T22:44:14 IST" duration-ms="19083">
      <class name="com.testng.demo.SeleniumLocatorsDemo">
        <test-method signature="launchFacebook()[pri:0, instance:com.testng.demo.SeleniumLocatorsDemo@3972a855]" started-at="2023-04-15T22:43:54 IST" name="launchFacebook" finished-at="2023-04-15T22:44:14 IST" duration-ms="19038" status="PASS">
          <reporter-output>
          </reporter-output>
        </test-method> <!-- launchFacebook -->
      </class> <!-- com.testng.demo.SeleniumLocatorsDemo -->
    </test> <!-- Default test -->
  </suite> <!-- Default suite -->
</testng-results>
