<?xml version="1.0" encoding="UTF-8"?>
<testng-results ignored="0" total="4" passed="4" failed="0" skipped="0">
  <reporter-output>
  </reporter-output>
  <suite started-at="2023-04-22T21:50:19 IST" name="SmokeTest" finished-at="2023-04-22T21:50:43 IST" duration-ms="23654">
    <groups>
    </groups>
    <test started-at="2023-04-22T21:50:19 IST" name="AppTests" finished-at="2023-04-22T21:50:43 IST" duration-ms="23654">
      <class name="com.app.tests.AppTests">
        <test-method is-config="true" signature="launchApp()[pri:0, instance:com.app.tests.AppTests@74455848]" started-at="2023-04-22T21:50:19 IST" name="launchApp" finished-at="2023-04-22T21:50:29 IST" duration-ms="9598" status="PASS">
          <reporter-output>
          </reporter-output>
        </test-method> <!-- launchApp -->
        <test-method signature="verifyFooter()[pri:0, instance:com.app.tests.AppTests@74455848]" started-at="2023-04-22T21:50:29 IST" name="verifyFooter" finished-at="2023-04-22T21:50:29 IST" duration-ms="9" status="PASS">
          <reporter-output>
          </reporter-output>
        </test-method> <!-- verifyFooter -->
        <test-method is-config="true" signature="closeApp()[pri:0, instance:com.app.tests.AppTests@74455848]" started-at="2023-04-22T21:50:29 IST" name="closeApp" finished-at="2023-04-22T21:50:29 IST" duration-ms="534" status="PASS">
          <reporter-output>
          </reporter-output>
        </test-method> <!-- closeApp -->
        <test-method is-config="true" signature="launchApp()[pri:0, instance:com.app.tests.AppTests@74455848]" started-at="2023-04-22T21:50:29 IST" name="launchApp" finished-at="2023-04-22T21:50:33 IST" duration-ms="3654" status="PASS">
          <reporter-output>
          </reporter-output>
        </test-method> <!-- launchApp -->
        <test-method signature="verifyHomepage()[pri:0, instance:com.app.tests.AppTests@74455848]" started-at="2023-04-22T21:50:33 IST" name="verifyHomepage" finished-at="2023-04-22T21:50:33 IST" duration-ms="1" status="PASS">
          <reporter-output>
          </reporter-output>
        </test-method> <!-- verifyHomepage -->
        <test-method is-config="true" signature="closeApp()[pri:0, instance:com.app.tests.AppTests@74455848]" started-at="2023-04-22T21:50:33 IST" name="closeApp" finished-at="2023-04-22T21:50:33 IST" duration-ms="440" status="PASS">
          <reporter-output>
          </reporter-output>
        </test-method> <!-- closeApp -->
        <test-method is-config="true" signature="launchApp()[pri:0, instance:com.app.tests.AppTests@74455848]" started-at="2023-04-22T21:50:33 IST" name="launchApp" finished-at="2023-04-22T21:50:38 IST" duration-ms="4116" status="PASS">
          <reporter-output>
          </reporter-output>
        </test-method> <!-- launchApp -->
        <test-method signature="verifyLogin()[pri:0, instance:com.app.tests.AppTests@74455848]" started-at="2023-04-22T21:50:38 IST" name="verifyLogin" finished-at="2023-04-22T21:50:38 IST" duration-ms="2" status="PASS">
          <reporter-output>
          </reporter-output>
        </test-method> <!-- verifyLogin -->
        <test-method is-config="true" signature="closeApp()[pri:0, instance:com.app.tests.AppTests@74455848]" started-at="2023-04-22T21:50:38 IST" name="closeApp" finished-at="2023-04-22T21:50:38 IST" duration-ms="276" status="PASS">
          <reporter-output>
          </reporter-output>
        </test-method> <!-- closeApp -->
        <test-method is-config="true" signature="launchApp()[pri:0, instance:com.app.tests.AppTests@74455848]" started-at="2023-04-22T21:50:38 IST" name="launchApp" finished-at="2023-04-22T21:50:43 IST" duration-ms="4702" status="PASS">
          <reporter-output>
          </reporter-output>
        </test-method> <!-- launchApp -->
        <test-method signature="verifySignup()[pri:0, instance:com.app.tests.AppTests@74455848]" started-at="2023-04-22T21:50:43 IST" name="verifySignup" finished-at="2023-04-22T21:50:43 IST" duration-ms="3" status="PASS">
          <reporter-output>
          </reporter-output>
        </test-method> <!-- verifySignup -->
        <test-method is-config="true" signature="closeApp()[pri:0, instance:com.app.tests.AppTests@74455848]" started-at="2023-04-22T21:50:43 IST" name="closeApp" finished-at="2023-04-22T21:50:43 IST" duration-ms="271" status="PASS">
          <reporter-output>
          </reporter-output>
        </test-method> <!-- closeApp -->
      </class> <!-- com.app.tests.AppTests -->
    </test> <!-- AppTests -->
  </suite> <!-- SmokeTest -->
</testng-results>
